{
  "numFailedTestSuites": 0,
  "numFailedTests": 0,
  "numPassedTestSuites": 13,
  "numPassedTests": 13,
  "numPendingTestSuites": 0,
  "numPendingTests": 0,
  "numRuntimeErrorTestSuites": 0,
  "numTodoTests": 0,
  "numTotalTestSuites": 13,
  "numTotalTests": 13,
  "openHandles": [],
  "snapshot": {
    "added": 0,
    "didUpdate": true,
    "failure": false,
    "filesAdded": 0,
    "filesRemoved": 0,
    "filesRemovedList": [],
    "filesUnmatched": 0,
    "filesUpdated": 6,
    "matched": 7,
    "total": 13,
    "unchecked": 0,
    "uncheckedKeysByFile": [],
    "unmatched": 0,
    "updated": 6
  },
  "startTime": 1633703651348,
  "success": false,
  "testResults": [
    {
      "leaks": false,
      "numFailingTests": 0,
      "numPassingTests": 1,
      "numPendingTests": 0,
      "numTodoTests": 0,
      "openHandles": [],
      "perfStats": {
        "end": 1633703653072,
        "runtime": 980,
        "slow": false,
        "start": 1633703652092
      },
      "skipped": false,
      "snapshot": {
        "added": 0,
        "fileDeleted": false,
        "matched": 0,
        "unchecked": 0,
        "uncheckedKeys": [],
        "unmatched": 0,
        "updated": 1
      },
      "testFilePath": "/Users/jaredcosulich/Desktop/NextTemplate/BlankWebsite/__tests__/pages/_components/BlankHeader_test.js",
      "testResults": [
        {
          "ancestorTitles": [
            "BlankHeader"
          ],
          "duration": 17,
          "failureDetails": [],
          "failureMessages": [],
          "fullName": "BlankHeader renders correctly",
          "invocations": 1,
          "location": null,
          "numPassingAsserts": 0,
          "status": "passed",
          "title": "renders correctly"
        }
      ],
      "failureMessage": null
    },
    {
      "leaks": false,
      "numFailingTests": 0,
      "numPassingTests": 1,
      "numPendingTests": 0,
      "numTodoTests": 0,
      "openHandles": [],
      "perfStats": {
        "end": 1633703653086,
        "runtime": 992,
        "slow": false,
        "start": 1633703652094
      },
      "skipped": false,
      "snapshot": {
        "added": 0,
        "fileDeleted": false,
        "matched": 0,
        "unchecked": 0,
        "uncheckedKeys": [],
        "unmatched": 0,
        "updated": 1
      },
      "testFilePath": "/Users/jaredcosulich/Desktop/NextTemplate/BlankWebsite/__tests__/pages/_components/TWCleanHeader_test.js",
      "testResults": [
        {
          "ancestorTitles": [
            "TWCleanHeader"
          ],
          "duration": 16,
          "failureDetails": [],
          "failureMessages": [],
          "fullName": "TWCleanHeader renders correctly",
          "invocations": 1,
          "location": null,
          "numPassingAsserts": 0,
          "status": "passed",
          "title": "renders correctly"
        }
      ],
      "failureMessage": null
    },
    {
      "leaks": false,
      "numFailingTests": 0,
      "numPassingTests": 1,
      "numPendingTests": 0,
      "numTodoTests": 0,
      "openHandles": [],
      "perfStats": {
        "end": 1633703653130,
        "runtime": 1041,
        "slow": false,
        "start": 1633703652089
      },
      "skipped": false,
      "snapshot": {
        "added": 0,
        "fileDeleted": false,
        "matched": 0,
        "unchecked": 0,
        "uncheckedKeys": [],
        "unmatched": 0,
        "updated": 1
      },
      "testFilePath": "/Users/jaredcosulich/Desktop/NextTemplate/BlankWebsite/__tests__/pages/_components/BlankLayout_test.js",
      "testResults": [
        {
          "ancestorTitles": [
            "BlankLayout"
          ],
          "duration": 80,
          "failureDetails": [],
          "failureMessages": [],
          "fullName": "BlankLayout renders correctly",
          "invocations": 1,
          "location": null,
          "numPassingAsserts": 0,
          "status": "passed",
          "title": "renders correctly"
        }
      ],
      "failureMessage": null
    },
    {
      "leaks": false,
      "numFailingTests": 0,
      "numPassingTests": 1,
      "numPendingTests": 0,
      "numTodoTests": 0,
      "openHandles": [],
      "perfStats": {
        "end": 1633703653134,
        "runtime": 1053,
        "slow": false,
        "start": 1633703652081
      },
      "skipped": false,
      "snapshot": {
        "added": 0,
        "fileDeleted": false,
        "matched": 0,
        "unchecked": 0,
        "uncheckedKeys": [],
        "unmatched": 0,
        "updated": 1
      },
      "testFilePath": "/Users/jaredcosulich/Desktop/NextTemplate/BlankWebsite/__tests__/pages/_components/BlankFooter_test.js",
      "testResults": [
        {
          "ancestorTitles": [
            "BlankFooter"
          ],
          "duration": 63,
          "failureDetails": [],
          "failureMessages": [],
          "fullName": "BlankFooter renders correctly",
          "invocations": 1,
          "location": null,
          "numPassingAsserts": 0,
          "status": "passed",
          "title": "renders correctly"
        }
      ],
      "failureMessage": null
    },
    {
      "leaks": false,
      "numFailingTests": 0,
      "numPassingTests": 1,
      "numPendingTests": 0,
      "numTodoTests": 0,
      "openHandles": [],
      "perfStats": {
        "end": 1633703653339,
        "runtime": 207,
        "slow": false,
        "start": 1633703653132
      },
      "skipped": false,
      "snapshot": {
        "added": 0,
        "fileDeleted": false,
        "matched": 0,
        "unchecked": 0,
        "uncheckedKeys": [],
        "unmatched": 0,
        "updated": 1
      },
      "testFilePath": "/Users/jaredcosulich/Desktop/NextTemplate/BlankWebsite/__tests__/pages/_components/NewWindowLink_test.js",
      "testResults": [
        {
          "ancestorTitles": [
            "NewWindowLink"
          ],
          "duration": 4,
          "failureDetails": [],
          "failureMessages": [],
          "fullName": "NewWindowLink renders correctly",
          "invocations": 1,
          "location": null,
          "numPassingAsserts": 0,
          "status": "passed",
          "title": "renders correctly"
        }
      ],
      "failureMessage": null
    },
    {
      "leaks": false,
      "numFailingTests": 0,
      "numPassingTests": 1,
      "numPendingTests": 0,
      "numTodoTests": 0,
      "openHandles": [],
      "perfStats": {
        "end": 1633703653394,
        "runtime": 211,
        "slow": false,
        "start": 1633703653183
      },
      "skipped": false,
      "snapshot": {
        "added": 0,
        "fileDeleted": false,
        "matched": 1,
        "unchecked": 0,
        "uncheckedKeys": [],
        "unmatched": 0,
        "updated": 0
      },
      "testFilePath": "/Users/jaredcosulich/Desktop/NextTemplate/BlankWebsite/__tests__/pages/_components/TWFlex_test.js",
      "testResults": [
        {
          "ancestorTitles": [
            "TWFlex"
          ],
          "duration": 2,
          "failureDetails": [],
          "failureMessages": [],
          "fullName": "TWFlex renders correctly",
          "invocations": 1,
          "location": null,
          "numPassingAsserts": 0,
          "status": "passed",
          "title": "renders correctly"
        }
      ],
      "failureMessage": null
    },
    {
      "leaks": false,
      "numFailingTests": 0,
      "numPassingTests": 1,
      "numPendingTests": 0,
      "numTodoTests": 0,
      "openHandles": [],
      "perfStats": {
        "end": 1633703653396,
        "runtime": 227,
        "slow": false,
        "start": 1633703653169
      },
      "skipped": false,
      "snapshot": {
        "added": 0,
        "fileDeleted": false,
        "matched": 1,
        "unchecked": 0,
        "uncheckedKeys": [],
        "unmatched": 0,
        "updated": 0
      },
      "testFilePath": "/Users/jaredcosulich/Desktop/NextTemplate/BlankWebsite/__tests__/pages/_components/NextLink_test.js",
      "testResults": [
        {
          "ancestorTitles": [
            "NextLink"
          ],
          "duration": 3,
          "failureDetails": [],
          "failureMessages": [],
          "fullName": "NextLink renders correctly",
          "invocations": 1,
          "location": null,
          "numPassingAsserts": 0,
          "status": "passed",
          "title": "renders correctly"
        }
      ],
      "failureMessage": null
    },
    {
      "leaks": false,
      "numFailingTests": 0,
      "numPassingTests": 1,
      "numPendingTests": 0,
      "numTodoTests": 0,
      "openHandles": [],
      "perfStats": {
        "end": 1633703653477,
        "runtime": 363,
        "slow": false,
        "start": 1633703653114
      },
      "skipped": false,
      "snapshot": {
        "added": 0,
        "fileDeleted": false,
        "matched": 0,
        "unchecked": 0,
        "uncheckedKeys": [],
        "unmatched": 0,
        "updated": 1
      },
      "testFilePath": "/Users/jaredcosulich/Desktop/NextTemplate/BlankWebsite/__tests__/pages/index_test.js",
      "testResults": [
        {
          "ancestorTitles": [
            "Index"
          ],
          "duration": 138,
          "failureDetails": [],
          "failureMessages": [],
          "fullName": "Index renders correctly",
          "invocations": 1,
          "location": null,
          "numPassingAsserts": 0,
          "status": "passed",
          "title": "renders correctly"
        }
      ],
      "failureMessage": null
    },
    {
      "leaks": false,
      "numFailingTests": 0,
      "numPassingTests": 1,
      "numPendingTests": 0,
      "numTodoTests": 0,
      "openHandles": [],
      "perfStats": {
        "end": 1633703653686,
        "runtime": 299,
        "slow": false,
        "start": 1633703653387
      },
      "skipped": false,
      "snapshot": {
        "added": 0,
        "fileDeleted": false,
        "matched": 1,
        "unchecked": 0,
        "uncheckedKeys": [],
        "unmatched": 0,
        "updated": 0
      },
      "testFilePath": "/Users/jaredcosulich/Desktop/NextTemplate/BlankWebsite/__tests__/pages/_components/TWFooter_test.js",
      "testResults": [
        {
          "ancestorTitles": [
            "TWFooter"
          ],
          "duration": 4,
          "failureDetails": [],
          "failureMessages": [],
          "fullName": "TWFooter renders correctly",
          "invocations": 1,
          "location": null,
          "numPassingAsserts": 0,
          "status": "passed",
          "title": "renders correctly"
        }
      ],
      "failureMessage": null
    },
    {
      "leaks": false,
      "numFailingTests": 0,
      "numPassingTests": 1,
      "numPendingTests": 0,
      "numTodoTests": 0,
      "openHandles": [],
      "perfStats": {
        "end": 1633703653743,
        "runtime": 266,
        "slow": false,
        "start": 1633703653477
      },
      "skipped": false,
      "snapshot": {
        "added": 0,
        "fileDeleted": false,
        "matched": 1,
        "unchecked": 0,
        "uncheckedKeys": [],
        "unmatched": 0,
        "updated": 0
      },
      "testFilePath": "/Users/jaredcosulich/Desktop/NextTemplate/BlankWebsite/__tests__/pages/_components/TWCenteredContent_test.js",
      "testResults": [
        {
          "ancestorTitles": [
            "TWCenteredContent"
          ],
          "duration": 5,
          "failureDetails": [],
          "failureMessages": [],
          "fullName": "TWCenteredContent renders correctly",
          "invocations": 1,
          "location": null,
          "numPassingAsserts": 0,
          "status": "passed",
          "title": "renders correctly"
        }
      ],
      "failureMessage": null
    },
    {
      "leaks": false,
      "numFailingTests": 0,
      "numPassingTests": 1,
      "numPendingTests": 0,
      "numTodoTests": 0,
      "openHandles": [],
      "perfStats": {
        "end": 1633703653745,
        "runtime": 273,
        "slow": false,
        "start": 1633703653472
      },
      "skipped": false,
      "snapshot": {
        "added": 0,
        "fileDeleted": false,
        "matched": 1,
        "unchecked": 0,
        "uncheckedKeys": [],
        "unmatched": 0,
        "updated": 0
      },
      "testFilePath": "/Users/jaredcosulich/Desktop/NextTemplate/BlankWebsite/__tests__/pages/_components/TWFullScreen_test.js",
      "testResults": [
        {
          "ancestorTitles": [
            "TWFullScreen"
          ],
          "duration": 4,
          "failureDetails": [],
          "failureMessages": [],
          "fullName": "TWFullScreen renders correctly",
          "invocations": 1,
          "location": null,
          "numPassingAsserts": 0,
          "status": "passed",
          "title": "renders correctly"
        }
      ],
      "failureMessage": null
    },
    {
      "leaks": false,
      "numFailingTests": 0,
      "numPassingTests": 1,
      "numPendingTests": 0,
      "numTodoTests": 0,
      "openHandles": [],
      "perfStats": {
        "end": 1633703653775,
        "runtime": 237,
        "slow": false,
        "start": 1633703653538
      },
      "skipped": false,
      "snapshot": {
        "added": 0,
        "fileDeleted": false,
        "matched": 1,
        "unchecked": 0,
        "uncheckedKeys": [],
        "unmatched": 0,
        "updated": 0
      },
      "testFilePath": "/Users/jaredcosulich/Desktop/NextTemplate/BlankWebsite/__tests__/pages/_components/TWHorizontal_test.js",
      "testResults": [
        {
          "ancestorTitles": [
            "TWHorizontal"
          ],
          "duration": 2,
          "failureDetails": [],
          "failureMessages": [],
          "fullName": "TWHorizontal renders correctly",
          "invocations": 1,
          "location": null,
          "numPassingAsserts": 0,
          "status": "passed",
          "title": "renders correctly"
        }
      ],
      "failureMessage": null
    },
    {
      "leaks": false,
      "numFailingTests": 0,
      "numPassingTests": 1,
      "numPendingTests": 0,
      "numTodoTests": 0,
      "openHandles": [],
      "perfStats": {
        "end": 1633703653889,
        "runtime": 131,
        "slow": false,
        "start": 1633703653758
      },
      "skipped": false,
      "snapshot": {
        "added": 0,
        "fileDeleted": false,
        "matched": 1,
        "unchecked": 0,
        "uncheckedKeys": [],
        "unmatched": 0,
        "updated": 0
      },
      "testFilePath": "/Users/jaredcosulich/Desktop/NextTemplate/BlankWebsite/__tests__/pages/mint_test.js",
      "testResults": [
        {
          "ancestorTitles": [
            "mint"
          ],
          "duration": 1,
          "failureDetails": [],
          "failureMessages": [],
          "fullName": "mint renders correctly",
          "invocations": 1,
          "location": null,
          "numPassingAsserts": 0,
          "status": "passed",
          "title": "renders correctly"
        }
      ],
      "failureMessage": null
    }
  ],
  "wasInterrupted": false
}